0 info it worked if it ends with ok
1 verbose cli [ '/usr/bin/nodejs', '/usr/bin/npm', 'run', 'build' ]
2 info using npm@3.5.2
3 info using node@v4.2.6
4 verbose run-script [ 'prebuild', 'build', 'postbuild' ]
5 info lifecycle 3_psd_to_html_css@1.0.0~prebuild: 3_psd_to_html_css@1.0.0
6 silly lifecycle 3_psd_to_html_css@1.0.0~prebuild: no script for prebuild, continuing
7 info lifecycle 3_psd_to_html_css@1.0.0~build: 3_psd_to_html_css@1.0.0
8 verbose lifecycle 3_psd_to_html_css@1.0.0~build: unsafe-perm in lifecycle true
9 verbose lifecycle 3_psd_to_html_css@1.0.0~build: PATH: /usr/share/npm/bin/node-gyp-bin:/home/ksv/light_it/light_it_home/3_psd_to_html_css/node_modules/.bin:/usr/local/sbin:/usr/local/bin:/usr/sbin:/usr/bin:/sbin:/bin:/usr/games:/usr/local/games:/snap/bin
10 verbose lifecycle 3_psd_to_html_css@1.0.0~build: CWD: /home/ksv/light_it/light_it_home/3_psd_to_html_css
11 silly lifecycle 3_psd_to_html_css@1.0.0~build: Args: [ '-c', 'npm-run-all compile prefix compress' ]
12 silly lifecycle 3_psd_to_html_css@1.0.0~build: Returned: code: 1  signal: null
13 info lifecycle 3_psd_to_html_css@1.0.0~build: Failed to exec build script
14 verbose stack Error: 3_psd_to_html_css@1.0.0 build: `npm-run-all compile prefix compress`
14 verbose stack Exit status 1
14 verbose stack     at EventEmitter.<anonymous> (/usr/share/npm/lib/utils/lifecycle.js:232:16)
14 verbose stack     at emitTwo (events.js:87:13)
14 verbose stack     at EventEmitter.emit (events.js:172:7)
14 verbose stack     at ChildProcess.<anonymous> (/usr/share/npm/lib/utils/spawn.js:24:14)
14 verbose stack     at emitTwo (events.js:87:13)
14 verbose stack     at ChildProcess.emit (events.js:172:7)
14 verbose stack     at maybeClose (internal/child_process.js:821:16)
14 verbose stack     at Process.ChildProcess._handle.onexit (internal/child_process.js:211:5)
15 verbose pkgid 3_psd_to_html_css@1.0.0
16 verbose cwd /home/ksv/light_it/light_it_home/3_psd_to_html_css
17 error Linux 4.4.0-145-generic
18 error argv "/usr/bin/nodejs" "/usr/bin/npm" "run" "build"
19 error node v4.2.6
20 error npm  v3.5.2
21 error code ELIFECYCLE
22 error 3_psd_to_html_css@1.0.0 build: `npm-run-all compile prefix compress`
22 error Exit status 1
23 error Failed at the 3_psd_to_html_css@1.0.0 build script 'npm-run-all compile prefix compress'.
23 error Make sure you have the latest version of node.js and npm installed.
23 error If you do, this is most likely a problem with the 3_psd_to_html_css package,
23 error not with npm itself.
23 error Tell the author that this fails on your system:
23 error     npm-run-all compile prefix compress
23 error You can get information on how to open an issue for this project with:
23 error     npm bugs 3_psd_to_html_css
23 error Or if that isn't available, you can get their info via:
23 error     npm owner ls 3_psd_to_html_css
23 error There is likely additional logging output above.
24 verbose exit [ 1, true ]
